<?xml version="1.0" encoding="UTF-8"?>
<testng-results skipped="0" failed="0" ignored="0" total="1" passed="1">
  <reporter-output>
  </reporter-output>
  <suite name="Default suite" duration-ms="17853" started-at="2020-05-16T10:50:23 BST" finished-at="2020-05-16T10:50:41 BST">
    <groups>
      <group name="cucumber">
        <method signature="AbstractTestNGCucumberTests.runScenario(io.cucumber.testng.PickleWrapper, io.cucumber.testng.FeatureWrapper)[pri:0, instance:myrunner.TestRunner@52feb982]" name="runScenario" class="io.cucumber.testng.AbstractTestNGCucumberTests"/>
      </group> <!-- cucumber -->
    </groups>
    <test name="Default test" duration-ms="17853" started-at="2020-05-16T10:50:23 BST" finished-at="2020-05-16T10:50:41 BST">
      <class name="myrunner.TestRunner">
        <test-method status="PASS" signature="setUpClass()[pri:0, instance:myrunner.TestRunner@52feb982]" name="setUpClass" is-config="true" duration-ms="284" started-at="2020-05-16T10:50:23 BST" finished-at="2020-05-16T10:50:23 BST">
          <reporter-output>
          </reporter-output>
        </test-method> <!-- setUpClass -->
        <test-method status="PASS" signature="runScenario(io.cucumber.testng.PickleWrapper, io.cucumber.testng.FeatureWrapper)[pri:0, instance:myrunner.TestRunner@52feb982]" name="runScenario" duration-ms="17312" started-at="2020-05-16T10:50:23 BST" description="Runs Cucumber Scenarios" data-provider="scenarios" finished-at="2020-05-16T10:50:41 BST">
          <params>
            <param index="0">
              <value>
                <![CDATA["As a user search for a return ticket for 26-30 Railcard rail card"]]>
              </value>
            </param>
            <param index="1">
              <value>
                <![CDATA[""]]>
              </value>
            </param>
          </params>
          <reporter-output>
          </reporter-output>
        </test-method> <!-- runScenario -->
        <test-method status="PASS" signature="tearDownClass()[pri:0, instance:myrunner.TestRunner@52feb982]" name="tearDownClass" is-config="true" duration-ms="201" started-at="2020-05-16T10:50:41 BST" finished-at="2020-05-16T10:50:41 BST">
          <reporter-output>
          </reporter-output>
        </test-method> <!-- tearDownClass -->
      </class> <!-- myrunner.TestRunner -->
    </test> <!-- Default test -->
  </suite> <!-- Default suite -->
</testng-results>
